2020-04-19 17:16:25,171 - __main__ - INFO - Python path: C:\git\bitbucket-ft\buildsystem\venv\Scripts\python.exe
2020-04-19 17:16:25,172 - buildSystemConfiguration - DEBUG - Trying to open filename[versions/12-U-Version.ini]
2020-04-19 17:16:25,172 - buildSystemConfiguration - DEBUG - Trying to open filename[config/12-U-config.ini]
2020-04-19 17:16:25,173 - buildSystemConfiguration - DEBUG - Trying to open filename[config/12-local.ini]
2020-04-19 17:27:19,414 - __main__ - INFO - Python path: C:\git\bitbucket-ft\buildsystem\venv\Scripts\python.exe
2020-04-19 17:27:19,414 - buildSystemConfiguration - DEBUG - Trying to open filename[versions/12-U-Version.ini]
2020-04-19 17:27:19,415 - buildSystemConfiguration - DEBUG - Trying to open filename[config/12-U-config.ini]
2020-04-19 17:27:19,417 - buildSystemConfiguration - DEBUG - Trying to open filename[config/12-local.ini]
2020-04-19 22:46:37,016 - __main__ - INFO - Python path: C:\git\bitbucket-ft\buildsystem\venv\Scripts\python.exe
2020-04-19 22:46:37,017 - buildSystemConfiguration - DEBUG - Trying to open filename[versions/12-U-Version.ini]
2020-04-19 22:46:37,017 - buildSystemConfiguration - DEBUG - Trying to open filename[config/12-U-config.ini]
2020-04-19 22:46:37,018 - buildSystemConfiguration - DEBUG - Trying to open filename[config/12-local.ini]
2020-04-19 22:47:01,568 - __main__ - INFO - Python path: C:\git\bitbucket-ft\buildsystem\venv\Scripts\python.exe
2020-04-19 22:47:01,569 - buildSystemConfiguration - DEBUG - Trying to open filename[versions/12-U-Version.ini]
2020-04-19 22:47:01,570 - buildSystemConfiguration - DEBUG - Trying to open filename[config/12-U-config.ini]
2020-04-19 22:47:01,570 - buildSystemConfiguration - DEBUG - Trying to open filename[config/12-local.ini]
2020-04-19 22:49:38,956 - __main__ - INFO - Python path: C:\git\bitbucket-ft\buildsystem\venv\Scripts\python.exe
2020-04-19 22:50:00,818 - __main__ - INFO - Python path: C:\git\bitbucket-ft\buildsystem\venv\Scripts\python.exe
2020-04-19 22:50:00,819 - buildSystemConfiguration - DEBUG - Trying to open filename[versions/12-U-Version.ini]
2020-04-19 22:50:00,819 - buildSystemConfiguration - DEBUG - Trying to open filename[config/12-U-config.ini]
2020-04-19 22:50:00,820 - buildSystemConfiguration - DEBUG - Trying to open filename[config/12-local.ini]
2020-04-19 23:10:13,626 - task.taskConfig - DEBUG - reading ini file [taskconfig/rdp-cleanRebuild-X86-Release.ini]
2020-04-19 23:10:40,967 - task.taskConfig - DEBUG - reading ini file [taskconfig/rdp-cleanRebuild-X86-Release.ini]
2020-04-19 23:11:15,028 - task.taskConfig - DEBUG - reading ini file [taskconfig/rdp-cleanRebuild-X86-Release.ini]
2020-04-19 23:11:39,293 - task.taskConfig - DEBUG - reading ini file [taskconfig/rdp-cleanRebuild-X86-Release.ini]
2020-04-19 23:12:22,115 - task.taskConfig - DEBUG - reading ini file [taskconfig/rdp-cleanRebuild-X86-Release.ini]
2020-04-19 23:12:41,734 - task.taskConfig - DEBUG - reading ini file [taskconfig/rdp-cleanRebuild-X86-Release.ini]
2020-04-19 23:13:51,996 - task.taskConfig - DEBUG - reading ini file [taskconfig/rdp-cleanRebuild-X86-Release.ini]
2020-04-19 23:15:13,069 - task.taskConfig - DEBUG - reading ini file [taskconfig/rdp-cleanRebuild-X86-Release.ini]
2020-04-19 23:15:46,019 - task.taskConfig - DEBUG - reading ini file [taskconfig/rdp-cleanRebuild-X86-Release.ini]
2020-04-19 23:15:46,020 - task.taskConfig - DEBUG - ------------------------------- Fields for file [taskconfig/rdp-cleanRebuild-X86-Release.ini]----------------------------------------------------------Description=The Dark Knight build blockSolution=TheDarkKnightDeviceDriver\TheDarkKnightDeviceDriver.slnTarget=Clean,RebuildPlatform=x86Configuration=Release
2020-04-19 23:16:00,634 - task.taskConfig - DEBUG - reading ini file [taskconfig/rdp-cleanRebuild-X86-Release.ini]
2020-04-19 23:16:00,634 - task.taskConfig - DEBUG - ------------------------------- Fields for file [taskconfig/rdp-cleanRebuild-X86-Release.ini]/n----------------------------------------------------------Description=The Dark Knight build blockSolution=TheDarkKnightDeviceDriver\TheDarkKnightDeviceDriver.slnTarget=Clean,RebuildPlatform=x86Configuration=Release
2020-04-19 23:16:08,133 - task.taskConfig - DEBUG - reading ini file [taskconfig/rdp-cleanRebuild-X86-Release.ini]
2020-04-19 23:16:08,134 - task.taskConfig - DEBUG - ------------------------------- Fields for file [taskconfig/rdp-cleanRebuild-X86-Release.ini]
----------------------------------------------------------Description=The Dark Knight build blockSolution=TheDarkKnightDeviceDriver\TheDarkKnightDeviceDriver.slnTarget=Clean,RebuildPlatform=x86Configuration=Release
2020-04-19 23:16:23,467 - task.taskConfig - DEBUG - reading ini file [taskconfig/rdp-cleanRebuild-X86-Release.ini]
2020-04-19 23:16:23,468 - task.taskConfig - DEBUG - ------------------------------- Fields for file [taskconfig/rdp-cleanRebuild-X86-Release.ini]
-----------------------------
-----------------------------
Description=The Dark Knight build block
Solution=TheDarkKnightDeviceDriver\TheDarkKnightDeviceDriver.sln
Target=Clean,Rebuild
Platform=x86
Configuration=Release
2020-04-19 23:17:11,302 - task.taskConfig - DEBUG - reading ini file [taskconfig/rdp-cleanRebuild-X86-Release.ini]
2020-04-19 23:17:11,303 - task.taskConfig - DEBUG - --------------------------------------------------------------- Fields for file [taskconfig/rdp-cleanRebuild-X86-Release.ini]
------------------------------------------------------------
Description=The Dark Knight build block
Solution=TheDarkKnightDeviceDriver\TheDarkKnightDeviceDriver.sln
Target=Clean,Rebuild
Platform=x86
Configuration=Release
------------------------------------------------------------
2020-04-19 23:18:25,437 - task.taskConfig - DEBUG - reading ini file [taskconfig/rdp-cleanRebuild-X86-Release.ini]
2020-04-19 23:18:25,438 - task.taskConfig - DEBUG - --------------------------------------------------------------- Fields for file [taskconfig/rdp-cleanRebuild-X86-Release.ini]
------------------------------------------------------------
Description=The Dark Knight build block
Solution=TheDarkKnightDeviceDriver\TheDarkKnightDeviceDriver.sln
Target=Clean,Rebuild
Platform=x86
Configuration=Release
------------------------------------------------------------
2020-04-19 23:18:25,438 - task.taskConfig - DEBUG - reading ini file [taskconfig/ftlibservice-cleanRebuild-X86-Release.ini]
2020-04-19 23:18:25,438 - task.taskConfig - DEBUG - reading ini file [taskconfig/ftlibservice-cleanRebuild-X86-Release.ini]
2020-04-19 23:18:25,439 - task.taskConfig - DEBUG - --------------------------------------------------------------- Fields for file [taskconfig/ftlibservice-cleanRebuild-X86-Release.ini]
------------------------------------------------------------
Description=The Dark Knight build block
Solution=TheDarkKnightDeviceDriver\TheDarkKnightDeviceDriver.sln
Target=Clean,Rebuild
Platform=x86
Configuration=Release
------------------------------------------------------------
2020-04-19 23:18:25,439 - task.taskConfig - DEBUG - --------------------------------------------------------------- Fields for file [taskconfig/ftlibservice-cleanRebuild-X86-Release.ini]
------------------------------------------------------------
Description=The Dark Knight build block
Solution=TheDarkKnightDeviceDriver\TheDarkKnightDeviceDriver.sln
Target=Clean,Rebuild
Platform=x86
Configuration=Release
------------------------------------------------------------
2020-04-19 23:18:25,440 - task.taskConfig - DEBUG - reading ini file [taskconfig/ftsystemshutdown-cleanRebuild-X86-Release.ini]
2020-04-19 23:18:25,440 - task.taskConfig - DEBUG - reading ini file [taskconfig/ftsystemshutdown-cleanRebuild-X86-Release.ini]
2020-04-19 23:18:25,440 - task.taskConfig - DEBUG - reading ini file [taskconfig/ftsystemshutdown-cleanRebuild-X86-Release.ini]
2020-04-19 23:18:25,441 - task.taskConfig - DEBUG - --------------------------------------------------------------- Fields for file [taskconfig/ftsystemshutdown-cleanRebuild-X86-Release.ini]
------------------------------------------------------------
Description=The Dark Knight build block
Solution=TheDarkKnightDeviceDriver\TheDarkKnightDeviceDriver.sln
Target=Clean,Rebuild
Platform=x86
Configuration=Release
------------------------------------------------------------
2020-04-19 23:18:25,441 - task.taskConfig - DEBUG - --------------------------------------------------------------- Fields for file [taskconfig/ftsystemshutdown-cleanRebuild-X86-Release.ini]
------------------------------------------------------------
Description=The Dark Knight build block
Solution=TheDarkKnightDeviceDriver\TheDarkKnightDeviceDriver.sln
Target=Clean,Rebuild
Platform=x86
Configuration=Release
------------------------------------------------------------
2020-04-19 23:18:25,441 - task.taskConfig - DEBUG - --------------------------------------------------------------- Fields for file [taskconfig/ftsystemshutdown-cleanRebuild-X86-Release.ini]
------------------------------------------------------------
Description=The Dark Knight build block
Solution=TheDarkKnightDeviceDriver\TheDarkKnightDeviceDriver.sln
Target=Clean,Rebuild
Platform=x86
Configuration=Release
------------------------------------------------------------
2020-04-20 08:29:58,686 - task.taskConfig - DEBUG - reading ini file [taskconfig/rdp-cleanRebuild-X86-Release.ini]
2020-04-20 08:29:58,687 - task.taskConfig - DEBUG - --------------------------------------------------------------- Fields for file [taskconfig/rdp-cleanRebuild-X86-Release.ini]
------------------------------------------------------------
Description=FTSystem RDP build block
Solution=FTSyste.RDP\TheDarkKnightDeviceDriver.sln
Target=Clean,Rebuild
Platform=x86
Configuration=Release
------------------------------------------------------------
2020-04-20 08:29:58,687 - task.taskConfig - DEBUG - reading ini file [taskconfig/ftlibservice-cleanRebuild-X86-Release.ini]
2020-04-20 08:29:58,687 - task.taskConfig - DEBUG - reading ini file [taskconfig/ftlibservice-cleanRebuild-X86-Release.ini]
2020-04-20 08:29:58,688 - task.taskConfig - DEBUG - --------------------------------------------------------------- Fields for file [taskconfig/ftlibservice-cleanRebuild-X86-Release.ini]
------------------------------------------------------------
Description=FTLibService build block
Solution=TheDarkKnightDeviceDriver\TheDarkKnightDeviceDriver.sln
Target=Clean,Rebuild
Platform=x86
Configuration=Release
------------------------------------------------------------
2020-04-20 08:29:58,688 - task.taskConfig - DEBUG - --------------------------------------------------------------- Fields for file [taskconfig/ftlibservice-cleanRebuild-X86-Release.ini]
------------------------------------------------------------
Description=FTLibService build block
Solution=TheDarkKnightDeviceDriver\TheDarkKnightDeviceDriver.sln
Target=Clean,Rebuild
Platform=x86
Configuration=Release
------------------------------------------------------------
2020-04-20 08:29:58,689 - task.taskConfig - DEBUG - reading ini file [taskconfig/ftsystemshutdown-cleanRebuild-X86-Release.ini]
2020-04-20 08:29:58,689 - task.taskConfig - DEBUG - reading ini file [taskconfig/ftsystemshutdown-cleanRebuild-X86-Release.ini]
2020-04-20 08:29:58,689 - task.taskConfig - DEBUG - reading ini file [taskconfig/ftsystemshutdown-cleanRebuild-X86-Release.ini]
2020-04-20 08:29:58,689 - task.taskConfig - DEBUG - --------------------------------------------------------------- Fields for file [taskconfig/ftsystemshutdown-cleanRebuild-X86-Release.ini]
------------------------------------------------------------
Description=The Dark Knight build block
Solution=TheDarkKnightDeviceDriver\TheDarkKnightDeviceDriver.sln
Target=Clean,Rebuild
Platform=x86
Configuration=Release
------------------------------------------------------------
2020-04-20 08:29:58,689 - task.taskConfig - DEBUG - --------------------------------------------------------------- Fields for file [taskconfig/ftsystemshutdown-cleanRebuild-X86-Release.ini]
------------------------------------------------------------
Description=The Dark Knight build block
Solution=TheDarkKnightDeviceDriver\TheDarkKnightDeviceDriver.sln
Target=Clean,Rebuild
Platform=x86
Configuration=Release
------------------------------------------------------------
2020-04-20 08:29:58,689 - task.taskConfig - DEBUG - --------------------------------------------------------------- Fields for file [taskconfig/ftsystemshutdown-cleanRebuild-X86-Release.ini]
------------------------------------------------------------
Description=The Dark Knight build block
Solution=TheDarkKnightDeviceDriver\TheDarkKnightDeviceDriver.sln
Target=Clean,Rebuild
Platform=x86
Configuration=Release
------------------------------------------------------------
